<?xml version="1.0" encoding="UTF-8"?>
<!-- Generated by org.testng.reporters.JUnitReportReporter -->
<testsuite hostname="CROSS" failures="0" tests="1" name="script.launch" time="0.032" errors="0" timestamp="2025-06-18T14:11:02 IST" skipped="0">
  <testcase classname="script.launch" name="home" time="0.032"/>
</testsuite> <!-- script.launch -->
