<?xml version="1.0" encoding="UTF-8"?>
<!-- Generated by org.testng.reporters.JUnitReportReporter -->
<testsuite hostname="CROSS" failures="0" tests="1" name="script.launch" time="0.174" errors="0" timestamp="2025-06-21T09:46:04 IST" skipped="0">
  <testcase classname="script.launch" name="homePageValidation" time="0.174"/>
</testsuite> <!-- script.launch -->
