<?xml version="1.0" encoding="UTF-8"?>
<!-- Generated by org.testng.reporters.JUnitReportReporter -->
<testsuite hostname="CROSS" failures="0" tests="1" name="script.HomePage" time="0.078" errors="0" timestamp="2025-06-23T16:23:11 IST" skipped="0">
  <testcase classname="script.HomePage" name="homePageValidation" time="0.078"/>
</testsuite> <!-- script.HomePage -->
