<?xml version="1.0" encoding="UTF-8"?>
<!-- Generated by org.testng.reporters.JUnitReportReporter -->
<testsuite hostname="CROSS" failures="0" tests="1" name="script.HomePage" time="0.068" errors="0" timestamp="2025-06-21T12:28:22 IST" skipped="0">
  <testcase classname="script.HomePage" name="homePageValidation" time="0.068"/>
</testsuite> <!-- script.HomePage -->
