<?xml version="1.0" encoding="UTF-8"?>
<!-- Generated by org.testng.reporters.JUnitReportReporter -->
<testsuite hostname="CROSS" failures="0" tests="1" name="script.Register" time="1.428" errors="0" timestamp="2025-06-21T12:28:22 IST" skipped="0">
  <testcase classname="script.Register" name="register" time="1.428"/>
</testsuite> <!-- script.Register -->
